android/app/build/intermediates/manifest_merge_blame_file/debug/manifest-merger-blame-debug-report.txt
1<?xml version="1.0" encoding="utf-8"?>
2<manifest xmlns:android="http://schemas.android.com/apk/res/android"
3    package="com.example.smartshop_mobile"
4    android:versionCode="1"
5    android:versionName="1.0.0" >
6
7    <uses-sdk
8        android:minSdkVersion="21"
9        android:targetSdkVersion="35" />
10    <!--
11         The INTERNET permission is required for development. Specifically,
12         the Flutter tool needs it to communicate with the running application
13         to allow setting breakpoints, to provide hot reload, etc.
14    -->
15    <uses-permission android:name="android.permission.INTERNET" />
15-->src\debug\AndroidManifest.xml:6:5-66
15-->src\debug\AndroidManifest.xml:6:22-64
16    <!--
17     Required to query activities that can process text, see:
18         https://developer.android.com/training/package-visibility and
19         https://developer.android.com/reference/android/content/Intent#ACTION_PROCESS_TEXT.
20
21         In particular, this is used by the Flutter engine in io.flutter.plugin.text.ProcessTextPlugin.
22    -->
23    <queries>
23-->src\main\AndroidManifest.xml:39:5-44:15
24        <intent>
24-->src\main\AndroidManifest.xml:40:9-43:18
25            <action android:name="android.intent.action.PROCESS_TEXT" />
25-->src\main\AndroidManifest.xml:41:13-72
25-->src\main\AndroidManifest.xml:41:21-70
26
27            <data android:mimeType="text/plain" />
27-->src\main\AndroidManifest.xml:42:13-50
27-->src\main\AndroidManifest.xml:42:19-48
28        </intent>
29    </queries>
30
31    <uses-permission android:name="android.permission.ACCESS_NETWORK_STATE" />
31-->[:connectivity_plus] AndroidManifest.xml:7:5-79
31-->[:connectivity_plus] AndroidManifest.xml:7:22-76
32
33    <permission
33-->[androidx.core:core:1.13.1] AndroidManifest.xml:22:5-24:47
34        android:name="com.example.smartshop_mobile.DYNAMIC_RECEIVER_NOT_EXPORTED_PERMISSION"
34-->[androidx.core:core:1.13.1] AndroidManifest.xml:23:9-81
35        android:protectionLevel="signature" />
35-->[androidx.core:core:1.13.1] AndroidManifest.xml:24:9-44
36
37    <uses-permission android:name="com.example.smartshop_mobile.DYNAMIC_RECEIVER_NOT_EXPORTED_PERMISSION" />
37-->[androidx.core:core:1.13.1] AndroidManifest.xml:26:5-97
37-->[androidx.core:core:1.13.1] AndroidManifest.xml:26:22-94
38
39    <application
40        android:name="android.app.Application"
41        android:appComponentFactory="androidx.core.app.CoreComponentFactory"
41-->[androidx.core:core:1.13.1] AndroidManifest.xml:28:18-86
42        android:debuggable="true"
43        android:extractNativeLibs="true"
44        android:icon="@mipmap/ic_launcher"
45        android:label="smartshop_mobile" >
46        <activity
47            android:name="com.example.smartshop_mobile.MainActivity"
48            android:configChanges="orientation|keyboardHidden|keyboard|screenSize|smallestScreenSize|locale|layoutDirection|fontScale|screenLayout|density|uiMode"
49            android:exported="true"
50            android:hardwareAccelerated="true"
51            android:launchMode="singleTop"
52            android:taskAffinity=""
53            android:theme="@style/LaunchTheme"
54            android:windowSoftInputMode="adjustResize" >
55
56            <!--
57                 Specifies an Android theme to apply to this Activity as soon as
58                 the Android process has started. This theme is visible to the user
59                 while the Flutter UI initializes. After that, this theme continues
60                 to determine the Window background behind the Flutter UI.
61            -->
62            <meta-data
63                android:name="io.flutter.embedding.android.NormalTheme"
64                android:resource="@style/NormalTheme" />
65
66            <intent-filter>
67                <action android:name="android.intent.action.MAIN" />
68
69                <category android:name="android.intent.category.LAUNCHER" />
70            </intent-filter>
71        </activity>
72        <!--
73             Don't delete the meta-data below.
74             This is used by the Flutter tool to generate GeneratedPluginRegistrant.java
75        -->
76        <meta-data
77            android:name="flutterEmbedding"
78            android:value="2" />
79        <!--
80           Declares a provider which allows us to store files to share in
81           '.../caches/share_plus' and grant the receiving action access
82        -->
83        <provider
83-->[:share_plus] AndroidManifest.xml:13:9-21:20
84            android:name="dev.fluttercommunity.plus.share.ShareFileProvider"
84-->[:share_plus] AndroidManifest.xml:14:13-77
85            android:authorities="com.example.smartshop_mobile.flutter.share_provider"
85-->[:share_plus] AndroidManifest.xml:15:13-74
86            android:exported="false"
86-->[:share_plus] AndroidManifest.xml:16:13-37
87            android:grantUriPermissions="true" >
87-->[:share_plus] AndroidManifest.xml:17:13-47
88            <meta-data
88-->[:share_plus] AndroidManifest.xml:18:13-20:68
89                android:name="android.support.FILE_PROVIDER_PATHS"
89-->[:share_plus] AndroidManifest.xml:19:17-67
90                android:resource="@xml/flutter_share_file_paths" />
90-->[:share_plus] AndroidManifest.xml:20:17-65
91        </provider>
92        <!--
93           This manifest declared broadcast receiver allows us to use an explicit
94           Intent when creating a PendingItent to be informed of the user's choice
95        -->
96        <receiver
96-->[:share_plus] AndroidManifest.xml:26:9-32:20
97            android:name="dev.fluttercommunity.plus.share.SharePlusPendingIntent"
97-->[:share_plus] AndroidManifest.xml:27:13-82
98            android:exported="false" >
98-->[:share_plus] AndroidManifest.xml:28:13-37
99            <intent-filter>
99-->[:share_plus] AndroidManifest.xml:29:13-31:29
100                <action android:name="EXTRA_CHOSEN_COMPONENT" />
100-->[:share_plus] AndroidManifest.xml:30:17-65
100-->[:share_plus] AndroidManifest.xml:30:25-62
101            </intent-filter>
102        </receiver>
103
104        <provider
104-->[:image_picker_android] AndroidManifest.xml:9:9-17:20
105            android:name="io.flutter.plugins.imagepicker.ImagePickerFileProvider"
105-->[:image_picker_android] AndroidManifest.xml:10:13-82
106            android:authorities="com.example.smartshop_mobile.flutter.image_provider"
106-->[:image_picker_android] AndroidManifest.xml:11:13-74
107            android:exported="false"
107-->[:image_picker_android] AndroidManifest.xml:12:13-37
108            android:grantUriPermissions="true" >
108-->[:image_picker_android] AndroidManifest.xml:13:13-47
109            <meta-data
109-->[:share_plus] AndroidManifest.xml:18:13-20:68
110                android:name="android.support.FILE_PROVIDER_PATHS"
110-->[:share_plus] AndroidManifest.xml:19:17-67
111                android:resource="@xml/flutter_image_picker_file_paths" />
111-->[:share_plus] AndroidManifest.xml:20:17-65
112        </provider> <!-- Trigger Google Play services to install the backported photo picker module. -->
113        <service
113-->[:image_picker_android] AndroidManifest.xml:19:9-31:19
114            android:name="com.google.android.gms.metadata.ModuleDependencies"
114-->[:image_picker_android] AndroidManifest.xml:20:13-78
115            android:enabled="false"
115-->[:image_picker_android] AndroidManifest.xml:21:13-36
116            android:exported="false" >
116-->[:image_picker_android] AndroidManifest.xml:22:13-37
117            <intent-filter>
117-->[:image_picker_android] AndroidManifest.xml:24:13-26:29
118                <action android:name="com.google.android.gms.metadata.MODULE_DEPENDENCIES" />
118-->[:image_picker_android] AndroidManifest.xml:25:17-94
118-->[:image_picker_android] AndroidManifest.xml:25:25-91
119            </intent-filter>
120
121            <meta-data
121-->[:image_picker_android] AndroidManifest.xml:28:13-30:36
122                android:name="photopicker_activity:0:required"
122-->[:image_picker_android] AndroidManifest.xml:29:17-63
123                android:value="" />
123-->[:image_picker_android] AndroidManifest.xml:30:17-33
124        </service>
125
126        <uses-library
126-->[androidx.window:window:1.2.0] AndroidManifest.xml:23:9-25:40
127            android:name="androidx.window.extensions"
127-->[androidx.window:window:1.2.0] AndroidManifest.xml:24:13-54
128            android:required="false" />
128-->[androidx.window:window:1.2.0] AndroidManifest.xml:25:13-37
129        <uses-library
129-->[androidx.window:window:1.2.0] AndroidManifest.xml:26:9-28:40
130            android:name="androidx.window.sidecar"
130-->[androidx.window:window:1.2.0] AndroidManifest.xml:27:13-51
131            android:required="false" />
131-->[androidx.window:window:1.2.0] AndroidManifest.xml:28:13-37
132
133        <provider
133-->[androidx.lifecycle:lifecycle-process:2.7.0] AndroidManifest.xml:24:9-32:20
134            android:name="androidx.startup.InitializationProvider"
134-->[androidx.lifecycle:lifecycle-process:2.7.0] AndroidManifest.xml:25:13-67
135            android:authorities="com.example.smartshop_mobile.androidx-startup"
135-->[androidx.lifecycle:lifecycle-process:2.7.0] AndroidManifest.xml:26:13-68
136            android:exported="false" >
136-->[androidx.lifecycle:lifecycle-process:2.7.0] AndroidManifest.xml:27:13-37
137            <meta-data
137-->[androidx.lifecycle:lifecycle-process:2.7.0] AndroidManifest.xml:29:13-31:52
138                android:name="androidx.lifecycle.ProcessLifecycleInitializer"
138-->[androidx.lifecycle:lifecycle-process:2.7.0] AndroidManifest.xml:30:17-78
139                android:value="androidx.startup" />
139-->[androidx.lifecycle:lifecycle-process:2.7.0] AndroidManifest.xml:31:17-49
140            <meta-data
140-->[androidx.profileinstaller:profileinstaller:1.4.0] AndroidManifest.xml:29:13-31:52
141                android:name="androidx.profileinstaller.ProfileInstallerInitializer"
141-->[androidx.profileinstaller:profileinstaller:1.4.0] AndroidManifest.xml:30:17-85
142                android:value="androidx.startup" />
142-->[androidx.profileinstaller:profileinstaller:1.4.0] AndroidManifest.xml:31:17-49
143        </provider>
144
145        <receiver
145-->[androidx.profileinstaller:profileinstaller:1.4.0] AndroidManifest.xml:34:9-52:20
146            android:name="androidx.profileinstaller.ProfileInstallReceiver"
146-->[androidx.profileinstaller:profileinstaller:1.4.0] AndroidManifest.xml:35:13-76
147            android:directBootAware="false"
147-->[androidx.profileinstaller:profileinstaller:1.4.0] AndroidManifest.xml:36:13-44
148            android:enabled="true"
148-->[androidx.profileinstaller:profileinstaller:1.4.0] AndroidManifest.xml:37:13-35
149            android:exported="true"
149-->[androidx.profileinstaller:profileinstaller:1.4.0] AndroidManifest.xml:38:13-36
150            android:permission="android.permission.DUMP" >
150-->[androidx.profileinstaller:profileinstaller:1.4.0] AndroidManifest.xml:39:13-57
151            <intent-filter>
151-->[androidx.profileinstaller:profileinstaller:1.4.0] AndroidManifest.xml:40:13-42:29
152                <action android:name="androidx.profileinstaller.action.INSTALL_PROFILE" />
152-->[androidx.profileinstaller:profileinstaller:1.4.0] AndroidManifest.xml:41:17-91
152-->[androidx.profileinstaller:profileinstaller:1.4.0] AndroidManifest.xml:41:25-88
153            </intent-filter>
154            <intent-filter>
154-->[androidx.profileinstaller:profileinstaller:1.4.0] AndroidManifest.xml:43:13-45:29
155                <action android:name="androidx.profileinstaller.action.SKIP_FILE" />
155-->[androidx.profileinstaller:profileinstaller:1.4.0] AndroidManifest.xml:44:17-85
155-->[androidx.profileinstaller:profileinstaller:1.4.0] AndroidManifest.xml:44:25-82
156            </intent-filter>
157            <intent-filter>
157-->[androidx.profileinstaller:profileinstaller:1.4.0] AndroidManifest.xml:46:13-48:29
158                <action android:name="androidx.profileinstaller.action.SAVE_PROFILE" />
158-->[androidx.profileinstaller:profileinstaller:1.4.0] AndroidManifest.xml:47:17-88
158-->[androidx.profileinstaller:profileinstaller:1.4.0] AndroidManifest.xml:47:25-85
159            </intent-filter>
160            <intent-filter>
160-->[androidx.profileinstaller:profileinstaller:1.4.0] AndroidManifest.xml:49:13-51:29
161                <action android:name="androidx.profileinstaller.action.BENCHMARK_OPERATION" />
161-->[androidx.profileinstaller:profileinstaller:1.4.0] AndroidManifest.xml:50:17-95
161-->[androidx.profileinstaller:profileinstaller:1.4.0] AndroidManifest.xml:50:25-92
162            </intent-filter>
163        </receiver>
164    </application>
165
166</manifest>